<?xml version="1.0" encoding="UTF-8"?>
<!-- Generated by org.testng.reporters.JUnitReportReporter -->
<testsuite hostname="DESKTOP-1CC16KL" failures="0" tests="1" name="properties.execution" time="3.615" errors="0" timestamp="2025-07-02T16:17:59 IST" skipped="0">
  <testcase classname="properties.execution" name="propert" time="3.615"/>
</testsuite> <!-- properties.execution -->
