<?xml version="1.0" encoding="UTF-8"?>
<!-- Generated by org.testng.reporters.JUnitReportReporter -->
<testsuite hostname="DESKTOP-1CC16KL" failures="0" tests="1" name="testNGPractice11.com.testng.AlertsTest" time="4.339" errors="0" timestamp="2025-07-24T17:17:21 IST" skipped="0">
  <testcase classname="testNGPractice11.com.testng.AlertsTest" name="verifyalerts" time="4.339"/>
</testsuite> <!-- testNGPractice11.com.testng.AlertsTest -->
