<?xml version="1.0" encoding="UTF-8"?>
<!-- Generated by org.testng.reporters.JUnitReportReporter -->
<testsuite hostname="DESKTOP-1CC16KL" failures="0" tests="4" name="homeWork.TestNgExecution" time="15.050" errors="0" timestamp="2025-07-03T12:25:57 IST" skipped="0">
  <testcase classname="homeWork.TestNgExecution" name="verifyPage2" time="1.357"/>
  <testcase classname="homeWork.TestNgExecution" name="verifyPage3" time="8.832"/>
  <testcase classname="homeWork.TestNgExecution" name="assertions" time="0.013"/>
  <testcase classname="homeWork.TestNgExecution" name="verifyPage4" time="4.848"/>
</testsuite> <!-- homeWork.TestNgExecution -->
