<?xml version="1.0" encoding="UTF-8"?>
<!-- Generated by org.testng.reporters.JUnitReportReporter -->
<testsuite hostname="DESKTOP-1CC16KL" failures="0" tests="6" name="TestNGPractice.com.testng.NewTest_1" time="0.034" errors="0" timestamp="2025-06-26T14:16:27 IST" skipped="0">
  <testcase classname="TestNGPractice.com.testng.NewTest_1" name="b" time="0.021"/>
  <testcase classname="TestNGPractice.com.testng.NewTest_1" name="f1" time="0.002"/>
  <testcase classname="TestNGPractice.com.testng.NewTest_1" name="c" time="0.002"/>
  <testcase classname="TestNGPractice.com.testng.NewTest_1" name="u" time="0.003"/>
  <testcase classname="TestNGPractice.com.testng.NewTest_1" name="a" time="0.003"/>
  <testcase classname="TestNGPractice.com.testng.NewTest_1" name="f" time="0.003"/>
</testsuite> <!-- TestNGPractice.com.testng.NewTest_1 -->
