<?xml version="1.0" encoding="UTF-8"?>
<!-- Generated by org.testng.reporters.JUnitReportReporter -->
<testsuite hostname="DESKTOP-1CC16KL" failures="0" tests="1" name="properties.ExecutableClass_01" time="8.322" errors="0" timestamp="2025-07-01T15:05:36 IST" skipped="0">
  <testcase classname="properties.ExecutableClass_01" name="properties" time="8.322"/>
</testsuite> <!-- properties.ExecutableClass_01 -->
