<?xml version="1.0" encoding="UTF-8"?>
<!-- Generated by org.testng.reporters.JUnitReportReporter -->
<testsuite hostname="DESKTOP-1CC16KL" failures="0" tests="1" name="TestNGPractice.com.testng.TestPractice" time="0.017" errors="0" timestamp="2025-06-25T22:13:16 IST" skipped="0">
  <testcase classname="TestNGPractice.com.testng.TestPractice" name="name" time="0.017"/>
</testsuite> <!-- TestNGPractice.com.testng.TestPractice -->
