<?xml version="1.0" encoding="UTF-8"?>
<!-- Generated by org.testng.reporters.JUnitReportReporter -->
<testsuite hostname="DESKTOP-1CC16KL" failures="0" tests="7" name="TestNGPractice.com.testng.NewTest_03" time="0.031" errors="0" timestamp="2025-06-28T16:22:32 IST" skipped="0">
  <testcase classname="TestNGPractice.com.testng.NewTest_03" name="browser" time="0.008"/>
  <testcase classname="TestNGPractice.com.testng.NewTest_03" name="hiturl" time="0.006"/>
  <testcase classname="TestNGPractice.com.testng.NewTest_03" name="click" time="0.003"/>
  <testcase classname="TestNGPractice.com.testng.NewTest_03" name="search" time="0.002"/>
  <testcase classname="TestNGPractice.com.testng.NewTest_03" name="mobiles" time="0.003"/>
  <testcase classname="TestNGPractice.com.testng.NewTest_03" name="wishlist" time="0.006"/>
  <testcase classname="TestNGPractice.com.testng.NewTest_03" name="cart" time="0.003"/>
</testsuite> <!-- TestNGPractice.com.testng.NewTest_03 -->
