<?xml version="1.0" encoding="UTF-8"?>
<!-- Generated by org.testng.reporters.JUnitReportReporter -->
<testsuite hostname="DESKTOP-1CC16KL" failures="0" tests="1" name="properties.ExecutableClass" time="3.741" errors="0" timestamp="2025-07-10T13:38:48 IST" skipped="0">
  <testcase classname="properties.ExecutableClass" name="Properties" time="3.741"/>
</testsuite> <!-- properties.ExecutableClass -->
