<?xml version="1.0" encoding="UTF-8"?>
<!-- Generated by org.testng.reporters.JUnitReportReporter -->
<testsuite hostname="DESKTOP-1CC16KL" failures="0" tests="3" name="pOM_testNG.ExecutableClass_POM" time="19.946" errors="0" timestamp="2025-07-01T13:50:00 IST" skipped="0">
  <testcase classname="pOM_testNG.ExecutableClass_POM" name="verify" time="1.496"/>
  <testcase classname="pOM_testNG.ExecutableClass_POM" name="createVerify" time="13.815"/>
  <testcase classname="pOM_testNG.ExecutableClass_POM" name="contactVeriy" time="4.635"/>
</testsuite> <!-- pOM_testNG.ExecutableClass_POM -->
