<?xml version="1.0" encoding="UTF-8"?>
<!-- Generated by org.testng.reporters.JUnitReportReporter -->
<testsuite hostname="DESKTOP-1CC16KL" failures="0" tests="7" name="testNGPractice11.com.testng.NewTest_02" time="0.034" errors="0" timestamp="2025-06-30T20:48:14 IST" skipped="1">
  <testcase classname="testNGPractice11.com.testng.NewTest_02" name="automationTesting" time="0.003"/>
  <testcase classname="testNGPractice11.com.testng.NewTest_02" name="apiTesting" time="0.021"/>
  <testcase classname="testNGPractice11.com.testng.NewTest_02" name="manualTesting" time="0.003"/>
  <testcase classname="testNGPractice11.com.testng.NewTest_02" name="manualTesting" time="0.004"/>
  <testcase classname="testNGPractice11.com.testng.NewTest_02" name="softwareTesting" time="0.001"/>
  <testcase classname="testNGPractice11.com.testng.NewTest_02" name="mobileTesting" time="0.002"/>
  <testcase classname="testNGPractice11.com.testng.NewTest_02" name="databaseTesting">
    <skipped/>
  </testcase> <!-- databaseTesting -->
</testsuite> <!-- testNGPractice11.com.testng.NewTest_02 -->
