<?xml version="1.0" encoding="UTF-8"?>
<!-- Generated by org.testng.reporters.JUnitReportReporter -->
<testsuite hostname="DESKTOP-1CC16KL" failures="0" tests="6" name="listeners.Listeners" time="0.891" errors="0" timestamp="2025-06-30T13:11:51 IST" skipped="0">
  <testcase classname="listeners.Listeners" name="brower_launch" time="0.030"/>
  <testcase classname="listeners.Listeners" name="url" time="0.005"/>
  <testcase classname="listeners.Listeners" name="mensfashion" time="0.278"/>
  <testcase classname="listeners.Listeners" name="womensfashion" time="0.209"/>
  <testcase classname="listeners.Listeners" name="homeAndkitchen" time="0.174"/>
  <testcase classname="listeners.Listeners" name="toysandfashion" time="0.195"/>
</testsuite> <!-- listeners.Listeners -->
