<?xml version="1.0" encoding="UTF-8"?>
<!-- Generated by org.testng.reporters.JUnitReportReporter -->
<testsuite hostname="DESKTOP-1CC16KL" failures="0" tests="1" name="TestNGPractice.com.testng.HardAssert" time="7.139" errors="0" timestamp="2025-06-28T16:22:32 IST" skipped="0">
  <testcase classname="TestNGPractice.com.testng.HardAssert" name="url" time="7.139"/>
</testsuite> <!-- TestNGPractice.com.testng.HardAssert -->
