<?xml version="1.0" encoding="UTF-8"?>
<!-- Generated by org.testng.reporters.JUnitReportReporter -->
<testsuite hostname="DESKTOP-1CC16KL" failures="0" tests="4" name="homeWork.TestNgExecution" time="9.046" errors="0" timestamp="2025-07-04T13:44:50 IST" skipped="0">
  <testcase classname="homeWork.TestNgExecution" name="verifyPage2" time="1.444"/>
  <testcase classname="homeWork.TestNgExecution" name="verifyPage3" time="2.268"/>
  <testcase classname="homeWork.TestNgExecution" name="assertions" time="0.015"/>
  <testcase classname="homeWork.TestNgExecution" name="verifyPage4" time="5.319"/>
</testsuite> <!-- homeWork.TestNgExecution -->
